0 info it worked if it ends with ok
1 verbose cli [ 'C:\\Program Files\\nodejs\\node.exe',
1 verbose cli   'C:\\Program Files\\nodejs\\node_modules\\npm\\bin\\npm-cli.js',
1 verbose cli   'run',
1 verbose cli   'build' ]
2 info using npm@6.4.1
3 info using node@v8.12.0
4 verbose run-script [ 'prebuild', 'build', 'postbuild' ]
5 info lifecycle petshop@0.1.0~prebuild: petshop@0.1.0
6 info lifecycle petshop@0.1.0~build: petshop@0.1.0
7 verbose lifecycle petshop@0.1.0~build: unsafe-perm in lifecycle true
8 verbose lifecycle petshop@0.1.0~build: PATH: C:\Program Files\nodejs\node_modules\npm\node_modules\npm-lifecycle\node-gyp-bin;C:\Users\JONTEHsq\Desktop\is439-app\node_modules\.bin;C:\Program Files (x86)\Common Files\Oracle\Java\javapath;C:\WINDOWS\system32;C:\WINDOWS;C:\WINDOWS\System32\Wbem;C:\WINDOWS\System32\WindowsPowerShell\v1.0\;C:\WINDOWS\System32\OpenSSH\;C:\BC;C:\Program Files\nodejs\;C:\Program Files\Git\cmd;C:\Program Files\PuTTY\;C:\Program Files\TortoiseGit\bin;C:\Users\JONTEHsq\AppData\Local\Programs\Python\Python37-32\Scripts\;C:\Users\JONTEHsq\AppData\Local\Programs\Python\Python37-32\;C:\Users\JONTEHsq\AppData\Local\Microsoft\WindowsApps;C:\Users\JONTEHsq\AppData\Local\Programs\Microsoft VS Code\bin;C:\Python27;C:\Program Files\Java\jdk1.8.0_181\bin;C:\BC;C:\Program Files (x86)\Google\Chrome\Application;C:\Users\JONTEHsq\AppData\Roaming\npm;C:\Program Files\Git\bin;C:\Program Files\MongoDB\Server\4.0\bin;C:\Program Files\Apache Software Foundation\Maven\bin;C:\Program Files\Apache Software Foundation\Maven\bin;
9 verbose lifecycle petshop@0.1.0~build: CWD: C:\Users\JONTEHsq\Desktop\is439-app
10 silly lifecycle petshop@0.1.0~build: Args: [ '/d /s /c', 'react-scripts build' ]
11 silly lifecycle petshop@0.1.0~build: Returned: code: 1  signal: null
12 info lifecycle petshop@0.1.0~build: Failed to exec build script
13 verbose stack Error: petshop@0.1.0 build: `react-scripts build`
13 verbose stack Exit status 1
13 verbose stack     at EventEmitter.<anonymous> (C:\Program Files\nodejs\node_modules\npm\node_modules\npm-lifecycle\index.js:301:16)
13 verbose stack     at emitTwo (events.js:126:13)
13 verbose stack     at EventEmitter.emit (events.js:214:7)
13 verbose stack     at ChildProcess.<anonymous> (C:\Program Files\nodejs\node_modules\npm\node_modules\npm-lifecycle\lib\spawn.js:55:14)
13 verbose stack     at emitTwo (events.js:126:13)
13 verbose stack     at ChildProcess.emit (events.js:214:7)
13 verbose stack     at maybeClose (internal/child_process.js:915:16)
13 verbose stack     at Process.ChildProcess._handle.onexit (internal/child_process.js:209:5)
14 verbose pkgid petshop@0.1.0
15 verbose cwd C:\Users\JONTEHsq\Desktop\is439-app
16 verbose Windows_NT 10.0.17134
17 verbose argv "C:\\Program Files\\nodejs\\node.exe" "C:\\Program Files\\nodejs\\node_modules\\npm\\bin\\npm-cli.js" "run" "build"
18 verbose node v8.12.0
19 verbose npm  v6.4.1
20 error code ELIFECYCLE
21 error errno 1
22 error petshop@0.1.0 build: `react-scripts build`
22 error Exit status 1
23 error Failed at the petshop@0.1.0 build script.
23 error This is probably not a problem with npm. There is likely additional logging output above.
24 verbose exit [ 1, true ]
